#
# A fatal error has been detected by the Java Runtime Environment:
#
#  Internal Error (nmethod.cpp:1836), pid=26860, tid=25580
#  Error: guarantee(cont_offset != 0,"unhandled implicit exception in compiled code")
#
# JRE version: 6.0_17-b04
# Java VM: Java HotSpot(TM) 64-Bit Server VM (14.3-b01 mixed mode windows-amd64 )
# If you would like to submit a bug report, please visit:
#   http://java.sun.com/webapps/bugreport/crash.jsp
#

---------------  T H R E A D  ---------------

Current thread (0x000000004eaca800):  JavaThread "Main message loop" daemon [_thread_in_Java, id=25580, stack(0x0000000060830000,0x00000000608b0000)]

Stack: [0x0000000060830000,0x00000000608b0000]
[error occurred during error reporting (printing stack bounds), id 0xc0000005]


---------------  P R O C E S S  ---------------

Java Threads: ( => current thread )
  0x000000004f192000 JavaThread "SwingWorker-pool-7-thread-52" [_thread_blocked, id=20660, stack(0x0000000075ff0000,0x0000000076070000)]
  0x000000004eacf000 JavaThread "SwingWorker-pool-7-thread-51" [_thread_blocked, id=25124, stack(0x0000000075f70000,0x0000000075ff0000)]
  0x000000004eac2800 JavaThread "SwingWorker-pool-7-thread-50" [_thread_blocked, id=25540, stack(0x0000000075960000,0x00000000759e0000)]
  0x000000004eacf800 JavaThread "SwingWorker-pool-7-thread-49" [_thread_blocked, id=25916, stack(0x0000000075db0000,0x0000000075e30000)]
  0x000000004eac5000 JavaThread "SwingWorker-pool-7-thread-48" [_thread_blocked, id=25752, stack(0x00000000755e0000,0x0000000075660000)]
  0x000000004eacd000 JavaThread "SwingWorker-pool-7-thread-47" [_thread_blocked, id=27508, stack(0x0000000074e00000,0x0000000074e80000)]
  0x000000004eacd800 JavaThread "Timer-57" daemon [_thread_blocked, id=21160, stack(0x0000000050390000,0x0000000050410000)]
=>0x000000004eaca800 JavaThread "Main message loop" daemon [_thread_in_Java, id=25580, stack(0x0000000060830000,0x00000000608b0000)]
  0x000000004eac6800 JavaThread "com.jniwrapper.NativeResourceCollector" daemon [_thread_blocked, id=25172, stack(0x000000005c5d0000,0x000000005c650000)]
  0x000000004eace000 JavaThread "Prefs Updater" daemon [_thread_blocked, id=20888, stack(0x0000000050200000,0x0000000050280000)]
  0x000000004eacc000 JavaThread "Swing-Shell" daemon [_thread_blocked, id=26992, stack(0x00000000255a0000,0x0000000025620000)]
  0x000000004eaca000 JavaThread "Code Analyzer updating thread" [_thread_blocked, id=27276, stack(0x00000000505f0000,0x0000000050670000)]
  0x000000004eac9000 JavaThread "Code Analyzer updating thread" [_thread_blocked, id=27096, stack(0x00000000504f0000,0x0000000050570000)]
  0x000000004eac8800 JavaThread "Active Reference Queue Daemon" daemon [_thread_blocked, id=26968, stack(0x0000000050430000,0x00000000504b0000)]
  0x000000004eac7800 JavaThread "Timer-10" daemon [_thread_blocked, id=27260, stack(0x000000004fef0000,0x000000004ff70000)]
  0x000000004eac7000 JavaThread "Timer-9" daemon [_thread_blocked, id=27152, stack(0x00000000502f0000,0x0000000050370000)]
  0x000000004eac5800 JavaThread "Explorer NavigationContext request queue" [_thread_blocked, id=26936, stack(0x0000000050130000,0x00000000501b0000)]
  0x000000004eac4000 JavaThread "AddressBar directory emptiness poller" [_thread_blocked, id=24124, stack(0x000000004fdd0000,0x000000004fe50000)]
  0x000000004eac3800 JavaThread "Explorer Refresh Service 1768839642" [_thread_blocked, id=26388, stack(0x000000004fce0000,0x000000004fd60000)]
  0x000000004eac2000 JavaThread "Timer-1" daemon [_thread_blocked, id=27056, stack(0x00000000210f0000,0x0000000021170000)]
  0x000000004eac1000 JavaThread "TimerQueue" daemon [_thread_blocked, id=25628, stack(0x000000000a010000,0x000000000a090000)]
  0x000000004eac0800 JavaThread "Thread-5" daemon [_thread_blocked, id=26536, stack(0x000000000a220000,0x000000000a2a0000)]
  0x000000004dc59800 JavaThread "AWT-EventQueue-0" [_thread_blocked, id=26016, stack(0x000000000a190000,0x000000000a210000)]
  0x000000004dcc0800 JavaThread "AWT-Shutdown" [_thread_blocked, id=27108, stack(0x0000000009cf0000,0x0000000009d70000)]
  0x000000004dcc3000 JavaThread "FelixPackageAdmin" daemon [_thread_blocked, id=26020, stack(0x000000000a100000,0x000000000a180000)]
  0x000000004ea31800 JavaThread "FelixStartLevel" daemon [_thread_blocked, id=26760, stack(0x0000000009ea0000,0x0000000009f20000)]
  0x000000004ed4e000 JavaThread "FelixDispatchQueue" daemon [_thread_blocked, id=26640, stack(0x0000000009d90000,0x0000000009e10000)]
  0x000000004e888000 JavaThread "com.google.common.base.internal.Finalizer" daemon [_thread_blocked, id=22952, stack(0x0000000009b20000,0x0000000009ba0000)]
  0x000000004e81a800 JavaThread "AWT-Windows" daemon [_thread_in_native, id=26888, stack(0x000000004d330000,0x000000004d3b0000)]
  0x000000004e871000 JavaThread "Java2D Disposer" daemon [_thread_blocked, id=26680, stack(0x000000004d270000,0x000000004d2f0000)]
  0x000000004e4ab800 JavaThread "Timer-0" [_thread_blocked, id=26960, stack(0x0000000040fe0000,0x0000000041060000)]
  0x000000004e391000 JavaThread "EventMgr Dispatcher" daemon [_thread_in_native, id=26752, stack(0x000000000b260000,0x000000000f260000)]
  0x000000004d5ac800 JavaThread "Low Memory Detector" daemon [_thread_blocked, id=26824, stack(0x0000000049170000,0x00000000491f0000)]
  0x000000004d5a8000 JavaThread "CompilerThread1" daemon [_thread_blocked, id=26756, stack(0x0000000080000000,0x0000000084000000)]
  0x000000004d55c000 JavaThread "CompilerThread0" daemon [_thread_blocked, id=25856, stack(0x000000006cdf0000,0x0000000070df0000)]
  0x000000004d55b000 JavaThread "Attach Listener" daemon [_thread_blocked, id=26080, stack(0x000000000fef0000,0x000000000ff70000)]
  0x000000004d53d800 JavaThread "Finalizer" daemon [_thread_blocked, id=25208, stack(0x000000001cff0000,0x000000001d070000)]
  0x000000004d539000 JavaThread "Reference Handler" daemon [_thread_blocked, id=26744, stack(0x0000000014eb0000,0x0000000014f30000)]
  0x00000000070ff000 JavaThread "main" [_thread_in_native, id=26868, stack(0x0000000000150000,0x0000000004150000)]

Other Threads:
  0x000000004d533800 VMThread [stack: 0x0000000068c30000,0x000000006cc30000] [id=25376]
  0x000000004d5d2800 WatcherThread [stack: 0x00000000841a0000,0x00000000881a0000] [id=24316]

VM state:not at safepoint (normal execution)

VM Mutex/Monitor currently owned by a thread: None

Heap
 PSYoungGen      total 21888K, used 5912K [0x000000003ded0000, 0x0000000040690000, 0x0000000040fd0000)
  eden space 19712K, 19% used [0x000000003ded0000,0x000000003e27c5b0,0x000000003f210000)
  from space 2176K, 98% used [0x000000003f270000,0x000000003f489b50,0x000000003f490000)
  to   space 10496K, 0% used [0x000000003fc50000,0x000000003fc50000,0x0000000040690000)
 PSOldGen        total 77376K, used 74787K [0x0000000034bd0000, 0x0000000039760000, 0x000000003ded0000)
  object space 77376K, 96% used [0x0000000034bd0000,0x00000000394d8c88,0x0000000039760000)
 PSPermGen       total 106752K, used 76612K [0x000000002cbd0000, 0x0000000033410000, 0x0000000034bd0000)
  object space 106752K, 71% used [0x000000002cbd0000,0x00000000316a1380,0x0000000033410000)

Dynamic libraries:
0x000000013fe10000 - 0x000000013fe3d000 	C:\Program Files\MATLAB\R2012b\bin\win64\MATLAB.exe
0x00000000774f0000 - 0x000000007769a000 	C:\Windows\SYSTEM32\ntdll.dll
0x00000000773d0000 - 0x00000000774ef000 	C:\Windows\system32\kernel32.dll
0x000007fefd2a0000 - 0x000007fefd30b000 	C:\Windows\system32\KERNELBASE.dll
0x0000000074460000 - 0x000000007451f000 	C:\Program Files\MATLAB\R2012b\bin\win64\libut.dll
0x00000000758a0000 - 0x000000007595c000 	C:\Program Files\MATLAB\R2012b\bin\win64\libmwi18n.dll
0x0000000180000000 - 0x000000018000b000 	C:\Program Files\MATLAB\R2012b\bin\win64\libmwresource_core.dll
0x0000000004150000 - 0x0000000004223000 	C:\Windows\WinSxS\amd64_microsoft.vc90.crt_1fc8b3b9a1e18e3b_9.0.30729.6161_none_08e61857a83bc251\MSVCP90.dll
0x0000000078520000 - 0x00000000785c3000 	C:\Windows\WinSxS\amd64_microsoft.vc90.crt_1fc8b3b9a1e18e3b_9.0.30729.6161_none_08e61857a83bc251\MSVCR90.dll
0x000000007a170000 - 0x000000007a19c000 	C:\Program Files\MATLAB\R2012b\bin\win64\boost_filesystem-vc90-mt-1_44.dll
0x000000007a560000 - 0x000000007a569000 	C:\Program Files\MATLAB\R2012b\bin\win64\boost_system-vc90-mt-1_44.dll
0x000007fefdc60000 - 0x000007fefdd3b000 	C:\Windows\system32\ADVAPI32.dll
0x000007feff510000 - 0x000007feff5af000 	C:\Windows\system32\msvcrt.dll
0x000007fefdff0000 - 0x000007fefe00f000 	C:\Windows\SYSTEM32\sechost.dll
0x000007fefd8c0000 - 0x000007fefd9ed000 	C:\Windows\system32\RPCRT4.dll
0x000000007a010000 - 0x000000007a035000 	C:\Program Files\MATLAB\R2012b\bin\win64\LIBEXPAT.dll
0x00000000735e0000 - 0x00000000737d1000 	C:\Program Files\MATLAB\R2012b\bin\win64\icuin44.dll
0x0000000073d20000 - 0x0000000073e91000 	C:\Program Files\MATLAB\R2012b\bin\win64\icuuc44.dll
0x0000000010000000 - 0x0000000010e41000 	C:\Program Files\MATLAB\R2012b\bin\win64\icudt44.dll
0x0000000073f70000 - 0x000000007411d000 	C:\Program Files\MATLAB\R2012b\bin\win64\libmwfl.dll
0x0000000004350000 - 0x0000000004706000 	C:\Program Files\MATLAB\R2012b\bin\win64\libmwMATLAB_res.dll
0x000000007a3b0000 - 0x000000007a3c0000 	C:\Program Files\MATLAB\R2012b\bin\win64\boost_date_time-vc90-mt-1_44.dll
0x000000007a250000 - 0x000000007a263000 	C:\Program Files\MATLAB\R2012b\bin\win64\boost_signals-vc90-mt-1_44.dll
0x000000007a2d0000 - 0x000000007a2e2000 	C:\Program Files\MATLAB\R2012b\bin\win64\boost_thread-vc90-mt-1_44.dll
0x0000000004730000 - 0x00000000047ed000 	C:\Program Files\MATLAB\R2012b\bin\win64\boost_log-vc90-mt-1_44.dll
0x00000000776c0000 - 0x00000000776c7000 	C:\Windows\system32\PSAPI.DLL
0x000007fefda60000 - 0x000007fefdaad000 	C:\Windows\system32\WS2_32.dll
0x000007fefdb70000 - 0x000007fefdb78000 	C:\Windows\system32\NSI.dll
0x0000000004800000 - 0x0000000004846000 	C:\Program Files\MATLAB\R2012b\bin\win64\tbb.dll
0x000007fefdb50000 - 0x000007fefdb69000 	C:\Windows\system32\imagehlp.dll
0x0000000050870000 - 0x0000000050883000 	C:\Program Files\MATLAB\R2012b\bin\win64\icuio44.dll
0x000007fefa870000 - 0x000007fefa995000 	C:\Windows\system32\dbghelp.dll
0x00000000772d0000 - 0x00000000773ca000 	C:\Windows\system32\USER32.dll
0x000007fefd9f0000 - 0x000007fefda57000 	C:\Windows\system32\GDI32.dll
0x000007feff7f0000 - 0x000007feff7fe000 	C:\Windows\system32\LPK.dll
0x000007feff060000 - 0x000007feff12a000 	C:\Windows\system32\USP10.dll
0x0000000004870000 - 0x0000000004b4c000 	C:\Program Files\MATLAB\R2012b\bin\win64\libmwservices.dll
0x0000000075a20000 - 0x0000000075af3000 	C:\Program Files\MATLAB\R2012b\bin\win64\libmx.dll
0x0000000004b70000 - 0x0000000004b99000 	C:\Program Files\MATLAB\R2012b\bin\win64\tbbmalloc.dll
0x000000007a210000 - 0x000000007a228000 	C:\Program Files\MATLAB\R2012b\bin\win64\zlib1.dll
0x0000000004bc0000 - 0x0000000004c0d000 	C:\Program Files\MATLAB\R2012b\bin\win64\libmwregexp.dll
0x0000000004c20000 - 0x0000000004c43000 	C:\Program Files\MATLAB\R2012b\bin\win64\libmwmfl_scalar.dll
0x0000000075f10000 - 0x0000000075f60000 	C:\Program Files\MATLAB\R2012b\bin\win64\mpath.dll
0x000000007b680000 - 0x000000007bc9a000 	C:\Program Files\MATLAB\R2012b\bin\win64\mlutil.dll
0x00000000754d0000 - 0x0000000075551000 	C:\Program Files\MATLAB\R2012b\bin\win64\xmlcore.dll
0x0000000004c90000 - 0x0000000004ee3000 	C:\Program Files\MATLAB\R2012b\bin\win64\xerces-c_2_7.dll
0x0000000004f00000 - 0x0000000004f20000 	C:\Program Files\MATLAB\R2012b\bin\win64\libmwMATLAB_settings_res.dll
0x0000000004f30000 - 0x0000000004f40000 	C:\Program Files\MATLAB\R2012b\bin\win64\boost_iostreams-vc90-mt-1_44.dll
0x0000000004f50000 - 0x0000000004f97000 	C:\Program Files\MATLAB\R2012b\bin\win64\boost_serialization-vc90-mt-1_44.dll
0x000007fefe010000 - 0x000007fefed99000 	C:\Windows\system32\SHELL32.dll
0x000007fefdd40000 - 0x000007fefddb1000 	C:\Windows\system32\SHLWAPI.dll
0x000007fefaa20000 - 0x000007fefaac0000 	C:\Windows\WinSxS\amd64_microsoft.windows.common-controls_6595b64144ccf1df_5.82.7601.18837_none_a4d981ff711297b6\COMCTL32.dll
0x000007fefdab0000 - 0x000007fefdb47000 	C:\Windows\system32\COMDLG32.dll
0x000007fefb0a0000 - 0x000007fefb0b6000 	C:\Windows\system32\NETAPI32.dll
0x000007fefb090000 - 0x000007fefb09c000 	C:\Windows\system32\netutils.dll
0x000007fefcf40000 - 0x000007fefcf63000 	C:\Windows\system32\srvcli.dll
0x000007fefb070000 - 0x000007fefb085000 	C:\Windows\system32\wkscli.dll
0x000007fefee20000 - 0x000007feff023000 	C:\Windows\system32\ole32.dll
0x000007fefdb80000 - 0x000007fefdc57000 	C:\Windows\system32\OLEAUT32.dll
0x0000000074970000 - 0x0000000074a31000 	C:\Program Files\MATLAB\R2012b\bin\win64\mcr.dll
0x0000000075000000 - 0x00000000753e9000 	C:\Program Files\MATLAB\R2012b\bin\win64\iqm.dll
0x0000000074e80000 - 0x0000000074f38000 	C:\Program Files\MATLAB\R2012b\bin\win64\m_dispatcher.dll
0x0000000074880000 - 0x000000007496d000 	C:\Program Files\MATLAB\R2012b\bin\win64\boost_regex-vc90-mt-1_44.dll
0x000007feedba0000 - 0x000007feee411000 	C:\Program Files\MATLAB\R2012b\bin\win64\m_interpreter.dll
0x0000000050840000 - 0x0000000050867000 	C:\Program Files\MATLAB\R2012b\bin\win64\libmex.dll
0x00000000745e0000 - 0x0000000074664000 	C:\Program Files\MATLAB\R2012b\bin\win64\profiler.dll
0x0000000005020000 - 0x000000000528a000 	C:\Program Files\MATLAB\R2012b\bin\win64\libmwmathutil.dll
0x0000000079f40000 - 0x0000000079f6e000 	C:\Program Files\MATLAB\R2012b\bin\win64\libmwmathrng.dll
0x00000000052b0000 - 0x00000000052c2000 	C:\Program Files\MATLAB\R2012b\bin\win64\libmwmfl_rng.dll
0x0000000074c10000 - 0x0000000074cee000 	C:\Program Files\MATLAB\R2012b\bin\win64\libmwmathcore.dll
0x0000000076160000 - 0x00000000761ca000 	C:\Program Files\MATLAB\R2012b\bin\win64\libmwspmatrix.dll
0x0000000075ea0000 - 0x0000000075f02000 	C:\Program Files\MATLAB\R2012b\bin\win64\libmwcholmod.dll
0x000000007a460000 - 0x000000007a46d000 	C:\Program Files\MATLAB\R2012b\bin\win64\libmwamd.dll
0x000000007a4b0000 - 0x000000007a4bc000 	C:\Program Files\MATLAB\R2012b\bin\win64\libmwcolamd.dll
0x000000007a290000 - 0x000000007a2a9000 	C:\Program Files\MATLAB\R2012b\bin\win64\libmwblas.dll
0x000000007a310000 - 0x000000007a321000 	C:\Program Files\MATLAB\R2012b\bin\win64\libmwbinder.dll
0x000000007a4d0000 - 0x000000007a4dc000 	C:\Program Files\MATLAB\R2012b\bin\win64\libmwompwrapper.dll
0x0000000005360000 - 0x00000000053e5000 	C:\Program Files\MATLAB\R2012b\bin\win64\libmwlapack.dll
0x0000000079660000 - 0x0000000079681000 	C:\Program Files\MATLAB\R2012b\bin\win64\m_pcodeio.dll
0x0000000079b10000 - 0x0000000079b77000 	C:\Program Files\MATLAB\R2012b\bin\win64\m_ir.dll
0x0000000005420000 - 0x0000000005a90000 	C:\Program Files\MATLAB\R2012b\bin\win64\m_parser.dll
0x0000000050000000 - 0x000000005001a000 	C:\Program Files\MATLAB\R2012b\bin\win64\ir_xfmr.dll
0x000007feeea00000 - 0x000007feeec96000 	C:\Program Files\MATLAB\R2012b\bin\win64\mcos.dll
0x00000000796d0000 - 0x00000000796e1000 	C:\Program Files\MATLAB\R2012b\bin\win64\mtok.dll
0x0000000079e10000 - 0x0000000079e41000 	C:\Program Files\MATLAB\R2012b\bin\win64\m_pcodegen.dll
0x0000000079fb0000 - 0x0000000079fe6000 	C:\Program Files\MATLAB\R2012b\bin\win64\libmwbridge.dll
0x0000000005af0000 - 0x0000000005bb8000 	C:\Program Files\MATLAB\R2012b\bin\win64\udd.dll
0x0000000073390000 - 0x00000000734e2000 	C:\Program Files\MATLAB\R2012b\bin\win64\libmwgui.dll
0x00000000798a0000 - 0x00000000798b7000 	C:\Program Files\MATLAB\R2012b\bin\win64\graphics_util.dll
0x0000000005bf0000 - 0x000000000664f000 	C:\Program Files\MATLAB\R2012b\bin\win64\hg.dll
0x0000000006660000 - 0x00000000066c8000 	C:\Program Files\MATLAB\R2012b\bin\win64\libmat.dll
0x0000000072d30000 - 0x0000000072f44000 	C:\Program Files\MATLAB\R2012b\bin\win64\hdf5dll.dll
0x0000000075710000 - 0x00000000757de000 	C:\Program Files\MATLAB\R2012b\bin\win64\jmi.dll
0x0000000006700000 - 0x000000000670d000 	C:\Program Files\MATLAB\R2012b\bin\win64\nativejava_services.dll
0x0000000006720000 - 0x0000000006766000 	C:\Program Files\MATLAB\R2012b\bin\win64\libmwhardcopy.dll
0x0000000006780000 - 0x00000000067e3000 	C:\Program Files\MATLAB\R2012b\bin\win64\libuij.dll
0x00000000721c0000 - 0x0000000072424000 	C:\Program Files\MATLAB\R2012b\bin\win64\hgdatatypes.dll
0x0000000006810000 - 0x000000000692f000 	C:\Program Files\MATLAB\R2012b\bin\win64\hgutils.dll
0x0000000006940000 - 0x0000000006a00000 	C:\Program Files\MATLAB\R2012b\bin\win64\udd_mi.dll
0x0000000006a10000 - 0x0000000006a4b000 	C:\Program Files\MATLAB\R2012b\bin\win64\libmwgbtutils.dll
0x0000000006a60000 - 0x0000000006a7b000 	C:\Program Files\MATLAB\R2012b\bin\win64\libmwgbt.dll
0x0000000006a90000 - 0x0000000006d61000 	C:\Program Files\MATLAB\R2012b\bin\win64\uiw.dll
0x0000000050060000 - 0x000000005006f000 	C:\Program Files\MATLAB\R2012b\bin\win64\uinone.dll
0x0000000006d90000 - 0x0000000006db9000 	C:\Program Files\MATLAB\R2012b\bin\win64\libmwnativefiledialogs.dll
0x0000000006dd0000 - 0x0000000006dd8000 	C:\Program Files\MATLAB\R2012b\bin\win64\libmwplatform_res.dll
0x000007fefabe0000 - 0x000007fefabf8000 	C:\Windows\system32\MPR.dll
0x0000000077d60000 - 0x0000000078244000 	C:\Windows\WinSxS\amd64_microsoft.vc90.mfc_1fc8b3b9a1e18e3b_9.0.30729.6161_none_044aad0bab1eb146\mfc90.dll
0x000007fefbdc0000 - 0x000007fefbdc7000 	C:\Windows\system32\MSIMG32.dll
0x000007fef6840000 - 0x000007fef68b1000 	C:\Windows\system32\WINSPOOL.DRV
0x0000000079c90000 - 0x0000000079cb2000 	C:\Program Files\MATLAB\R2012b\bin\win64\mwoles05.DLL
0x0000000006e00000 - 0x0000000006e7d000 	C:\Program Files\MATLAB\R2012b\bin\win64\comcli.dll
0x0000000078770000 - 0x000000007879f000 	C:\Windows\WinSxS\amd64_microsoft.vc90.atl_1fc8b3b9a1e18e3b_9.0.30729.6161_none_0a1fd3a3a768b895\ATL90.DLL
0x00000000508a0000 - 0x00000000508ac000 	C:\Program Files\MATLAB\R2012b\bin\win64\mlautoregister.dll
0x000007feff030000 - 0x000007feff05e000 	C:\Windows\system32\IMM32.DLL
0x000007feff400000 - 0x000007feff509000 	C:\Windows\system32\MSCTF.dll
0x000007fefbbf0000 - 0x000007fefbc46000 	C:\Windows\system32\UxTheme.dll
0x000007fefb560000 - 0x000007fefb578000 	C:\Windows\system32\dwmapi.dll
0x000000005c690000 - 0x000000005c69d000 	C:\Windows\WinSxS\amd64_microsoft.vc90.mfcloc_1fc8b3b9a1e18e3b_9.0.30729.6161_none_01c9581e60cbee58\MFC90ENU.DLL
0x0000000078870000 - 0x0000000078ecd000 	C:\Program Files\MATLAB\R2012b\sys\java\jre\win64\jre\bin\server\jvm.dll
0x000007fefb240000 - 0x000007fefb27b000 	C:\Windows\system32\WINMM.dll
0x000007fefd270000 - 0x000007fefd27f000 	C:\Windows\system32\profapi.dll
0x000007fefb220000 - 0x000007fefb235000 	C:\Windows\system32\NLAapi.dll
0x000007fef70e0000 - 0x000007fef70f5000 	C:\Windows\system32\napinsp.dll
0x000007fef70c0000 - 0x000007fef70d9000 	C:\Windows\system32\pnrpnsp.dll
0x000007fefca10000 - 0x000007fefca65000 	C:\Windows\System32\mswsock.dll
0x000007fefc890000 - 0x000007fefc8eb000 	C:\Windows\system32\DNSAPI.dll
0x000007fef70b0000 - 0x000007fef70bb000 	C:\Windows\System32\winrnr.dll
0x000007fef7540000 - 0x000007fef756f000 	C:\Program Files\Common Files\Microsoft Shared\Windows Live\WLIDNSP.DLL

VM Arguments:
jvm_args: -Xss512k -XX:PermSize=32m -Xms64m -XX:NewRatio=3 -XX:MaxPermSize=128m -Xmx196m -XX:MaxDirectMemorySize=2147400000 -Dsun.java2d.noddraw=true -Dsun.awt.nopixfmt=true -Xshare:off -Xrs -Dsun.awt.disableMixing=true -Djava.library.path=C:\Program Files\MATLAB\R2012b\bin\win64;C:\Program Files\MATLAB\R2012b\sys\jxbrowser\win64\lib vfprintf abort 
java_command: <unknown>
Launcher Type: generic

Environment Variables:
CLASSPATH=.;C:\Program Files (x86)\Java\jre7\lib\ext\QTJava.zip
PATH=C:\Program Files\Common Files\Microsoft Shared\Windows Live;C:\Program Files (x86)\Common Files\Microsoft Shared\Windows Live;C:\Windows\system32;C:\Windows;C:\Windows\System32\Wbem;C:\Windows\System32\WindowsPowerShell\v1.0\;C:\CTEX\UserData\miktex\bin;C:\CTEX\MiKTeX\miktex\bin;C:\CTEX\CTeX\ctex\bin;C:\CTEX\CTeX\cct\bin;C:\CTEX\CTeX\ty\bin;C:\CTEX\Ghostscript\gs9.00\bin;C:\CTEX\GSview\gsview;C:\CTEX\WinEdt;C:\Program Files\MATLAB\R2012b\runtime\win64;C:\Program Files\MATLAB\R2012b\bin;C:\Program Files\Microsoft Windows Performance Toolkit\;C:\Program Files (x86)\Windows Live\Shared;C:\Program Files (x86)\QuickTime\QTSystem\;C:\Program Files (x86)\Skype\Phone\
USERNAME=Qibin
OS=Windows_NT
PROCESSOR_IDENTIFIER=Intel64 Family 6 Model 26 Stepping 5, GenuineIntel



---------------  S Y S T E M  ---------------

OS: Windows 7 Build 7601 Service Pack 1

CPU:total 8 (8 cores per cpu, 2 threads per core) family 6 model 26 stepping 5, cmov, cx8, fxsr, mmx, sse, sse2, sse3, ssse3, sse4.1, sse4.2, ht

Memory: 4k page, physical 67091684k(62913892k free), swap 134181532k(128344804k free)

vm_info: Java HotSpot(TM) 64-Bit Server VM (14.3-b01) for windows-amd64 JRE (1.6.0_17-b04), built on Oct 11 2009 00:46:08 by "java_re" with MS VC++ 8.0

time: Wed Mar 16 21:31:33 2016
elapsed time: 656 seconds

